<?xml version="1.0" encoding="UTF-8"?>
<robot generator="Robot 7.3.2 (Python 3.12.6 on darwin)" generated="2025-11-24T16:08:45.972252" rpa="false" schemaversion="5">
<suite id="s1" name="Saucedemo Tests" source="/Users/sabinaduisaliyeva/PycharmProjects/Testing/tests/saucedemo_tests.robot">
<test id="s1-t1" name="Login" line="21">
<kw name="Open SauceDemo In BrowserStack">
<kw name="Create Dictionary" owner="BuiltIn">
<msg time="2025-11-24T16:08:46.072484" level="INFO">${caps} = {'browserName': 'chrome', 'os': 'OS X', 'osVersion': 'Sonoma', 'buildName': 'Saucedemo Robot HW', 'sessionName': 'Saucedemo_chrome'}</msg>
<var>${caps}</var>
<arg>browserName=${browser}</arg>
<arg>os=${BS_OS}</arg>
<arg>osVersion=${BS_OS_VERSION}</arg>
<arg>buildName=${BS_BUILD_NAME}</arg>
<arg>sessionName=Saucedemo_${browser}</arg>
<doc>Creates and returns a dictionary based on the given ``items``.</doc>
<status status="PASS" start="2025-11-24T16:08:46.072249" elapsed="0.000260"/>
</kw>
<kw name="Open Browser" owner="SeleniumLibrary">
<msg time="2025-11-24T16:08:46.072761" level="WARN">desired_capabilities has been deprecated and removed. Please use options to configure browsers as per documentation.</msg>
<msg time="2025-11-24T16:08:46.072822" level="INFO">Opening browser 'chrome' to base url 'https://www.saucedemo.com/' through remote server at 'https://duisalievasabina_hwWtgm:zn455DpzbeKBfaxqZ3ki@hub-cloud.browserstack.com/wd/hub'.</msg>
<msg time="2025-11-24T16:08:51.926514" level="INFO">/Library/Frameworks/Python.framework/Versions/3.12/lib/python3.12/site-packages/selenium/webdriver/remote/remote_connection.py:421: UserWarning: Embedding username and password in URL could be insecure, use ClientConfig instead
  headers = self.get_remote_connection_headers(parsed_url, self._client_config.keep_alive)</msg>
<arg>${URL}</arg>
<arg>${browser}</arg>
<arg>remote_url=${REMOTE_URL}</arg>
<arg>desired_capabilities=${caps}</arg>
<doc>Opens a new browser instance to the optional ``url``.</doc>
<status status="PASS" start="2025-11-24T16:08:46.072598" elapsed="5.854335"/>
</kw>
<kw name="Maximize Browser Window" owner="SeleniumLibrary">
<doc>Maximizes current browser window.</doc>
<status status="PASS" start="2025-11-24T16:08:51.929255" elapsed="0.407875"/>
</kw>
<status status="PASS" start="2025-11-24T16:08:46.071820" elapsed="6.266066"/>
</kw>
<kw name="Input Text" owner="SeleniumLibrary">
<msg time="2025-11-24T16:08:52.340776" level="INFO">Typing text 'standard_user' into text field 'id=user-name'.</msg>
<arg>id=user-name</arg>
<arg>${USERNAME}</arg>
<doc>Types the given ``text`` into the text field identified by ``locator``.</doc>
<status status="PASS" start="2025-11-24T16:08:52.338602" elapsed="1.070315"/>
</kw>
<kw name="Input Text" owner="SeleniumLibrary">
<msg time="2025-11-24T16:08:53.412978" level="INFO">Typing text 'secret_sauce' into text field 'id=password'.</msg>
<arg>id=password</arg>
<arg>${PASSWORD}</arg>
<doc>Types the given ``text`` into the text field identified by ``locator``.</doc>
<status status="PASS" start="2025-11-24T16:08:53.410135" elapsed="1.896239"/>
</kw>
<kw name="Click Button" owner="SeleniumLibrary">
<msg time="2025-11-24T16:08:55.307907" level="INFO">Clicking button 'id=login-button'.</msg>
<arg>id=login-button</arg>
<doc>Clicks the button identified by ``locator``.</doc>
<status status="PASS" start="2025-11-24T16:08:55.307338" elapsed="0.938224"/>
</kw>
<kw name="Wait Until Page Contains Element" owner="SeleniumLibrary">
<arg>class=inventory_list</arg>
<arg>10s</arg>
<doc>Waits until the element ``locator`` appears on the current page.</doc>
<status status="PASS" start="2025-11-24T16:08:56.249856" elapsed="0.138743"/>
</kw>
<kw name="Page Should Contain Element" owner="SeleniumLibrary">
<msg time="2025-11-24T16:08:56.537673" level="INFO">Current page contains element 'class=inventory_item'.</msg>
<arg>class=inventory_item</arg>
<doc>Verifies that element ``locator`` is found on the current page.</doc>
<status status="PASS" start="2025-11-24T16:08:56.391114" elapsed="0.146971"/>
</kw>
<kw name="Close Browser" owner="SeleniumLibrary">
<doc>Closes the current browser.</doc>
<status status="PASS" start="2025-11-24T16:08:56.538503" elapsed="1.027214"/>
</kw>
<doc>Verify that user can log in with valid credentials</doc>
<status status="PASS" start="2025-11-24T16:08:46.071318" elapsed="11.494818"/>
</test>
<test id="s1-t2" name="Products" line="32">
<kw name="Open SauceDemo In BrowserStack">
<kw name="Create Dictionary" owner="BuiltIn">
<msg time="2025-11-24T16:08:57.568153" level="INFO">${caps} = {'browserName': 'chrome', 'os': 'OS X', 'osVersion': 'Sonoma', 'buildName': 'Saucedemo Robot HW', 'sessionName': 'Saucedemo_chrome'}</msg>
<var>${caps}</var>
<arg>browserName=${browser}</arg>
<arg>os=${BS_OS}</arg>
<arg>osVersion=${BS_OS_VERSION}</arg>
<arg>buildName=${BS_BUILD_NAME}</arg>
<arg>sessionName=Saucedemo_${browser}</arg>
<doc>Creates and returns a dictionary based on the given ``items``.</doc>
<status status="PASS" start="2025-11-24T16:08:57.567628" elapsed="0.000570"/>
</kw>
<kw name="Open Browser" owner="SeleniumLibrary">
<msg time="2025-11-24T16:08:57.568799" level="WARN">desired_capabilities has been deprecated and removed. Please use options to configure browsers as per documentation.</msg>
<msg time="2025-11-24T16:08:57.568934" level="INFO">Opening browser 'chrome' to base url 'https://www.saucedemo.com/' through remote server at 'https://duisalievasabina_hwWtgm:zn455DpzbeKBfaxqZ3ki@hub-cloud.browserstack.com/wd/hub'.</msg>
<arg>${URL}</arg>
<arg>${browser}</arg>
<arg>remote_url=${REMOTE_URL}</arg>
<arg>desired_capabilities=${caps}</arg>
<doc>Opens a new browser instance to the optional ``url``.</doc>
<status status="PASS" start="2025-11-24T16:08:57.568385" elapsed="6.442442"/>
</kw>
<kw name="Maximize Browser Window" owner="SeleniumLibrary">
<doc>Maximizes current browser window.</doc>
<status status="PASS" start="2025-11-24T16:09:04.011593" elapsed="0.213434"/>
</kw>
<status status="PASS" start="2025-11-24T16:08:57.567175" elapsed="6.658478"/>
</kw>
<kw name="Input Text" owner="SeleniumLibrary">
<msg time="2025-11-24T16:09:04.227023" level="INFO">Typing text 'standard_user' into text field 'id=user-name'.</msg>
<arg>id=user-name</arg>
<arg>${USERNAME}</arg>
<doc>Types the given ``text`` into the text field identified by ``locator``.</doc>
<status status="PASS" start="2025-11-24T16:09:04.226448" elapsed="0.703929"/>
</kw>
<kw name="Input Text" owner="SeleniumLibrary">
<msg time="2025-11-24T16:09:04.933675" level="INFO">Typing text 'secret_sauce' into text field 'id=password'.</msg>
<arg>id=password</arg>
<arg>${PASSWORD}</arg>
<doc>Types the given ``text`` into the text field identified by ``locator``.</doc>
<status status="PASS" start="2025-11-24T16:09:04.932933" elapsed="0.849484"/>
</kw>
<kw name="Click Button" owner="SeleniumLibrary">
<msg time="2025-11-24T16:09:05.783113" level="INFO">Clicking button 'id=login-button'.</msg>
<arg>id=login-button</arg>
<doc>Clicks the button identified by ``locator``.</doc>
<status status="PASS" start="2025-11-24T16:09:05.782807" elapsed="0.762506"/>
</kw>
<kw name="Wait Until Page Contains Element" owner="SeleniumLibrary">
<arg>class=inventory_list</arg>
<arg>10s</arg>
<doc>Waits until the element ``locator`` appears on the current page.</doc>
<status status="PASS" start="2025-11-24T16:09:06.550167" elapsed="0.531241"/>
</kw>
<kw name="Page Should Contain Element" owner="SeleniumLibrary">
<msg time="2025-11-24T16:09:07.240132" level="INFO">Current page contains element 'class=inventory_item'.</msg>
<arg>class=inventory_item</arg>
<doc>Verifies that element ``locator`` is found on the current page.</doc>
<status status="PASS" start="2025-11-24T16:09:07.082288" elapsed="0.158319"/>
</kw>
<kw name="Get WebElements" owner="SeleniumLibrary">
<msg time="2025-11-24T16:09:07.393065" level="INFO">${items} = [&lt;selenium.webdriver.remote.webelement.WebElement (session="273960c5638b8504fcbd581b6b99c1943efddbd1", element="f.BCD6F8E154DA126DD99DBECE8B2CC4B3.d.0EE46603AAFCBC6A196993769600DCEF.e.34")&gt;, &lt;selenium...</msg>
<var>${items}</var>
<arg>class=inventory_item_name</arg>
<doc>Returns a list of WebElement objects matching the ``locator``.</doc>
<status status="PASS" start="2025-11-24T16:09:07.241476" elapsed="0.154442"/>
</kw>
<kw name="Log Many" owner="BuiltIn">
<msg time="2025-11-24T16:09:07.397884" level="INFO">[&lt;selenium.webdriver.remote.webelement.WebElement (session="273960c5638b8504fcbd581b6b99c1943efddbd1", element="f.BCD6F8E154DA126DD99DBECE8B2CC4B3.d.0EE46603AAFCBC6A196993769600DCEF.e.34")&gt;, &lt;selenium.webdriver.remote.webelement.WebElement (session="273960c5638b8504fcbd581b6b99c1943efddbd1", element="f.BCD6F8E154DA126DD99DBECE8B2CC4B3.d.0EE46603AAFCBC6A196993769600DCEF.e.35")&gt;, &lt;selenium.webdriver.remote.webelement.WebElement (session="273960c5638b8504fcbd581b6b99c1943efddbd1", element="f.BCD6F8E154DA126DD99DBECE8B2CC4B3.d.0EE46603AAFCBC6A196993769600DCEF.e.36")&gt;, &lt;selenium.webdriver.remote.webelement.WebElement (session="273960c5638b8504fcbd581b6b99c1943efddbd1", element="f.BCD6F8E154DA126DD99DBECE8B2CC4B3.d.0EE46603AAFCBC6A196993769600DCEF.e.37")&gt;, &lt;selenium.webdriver.remote.webelement.WebElement (session="273960c5638b8504fcbd581b6b99c1943efddbd1", element="f.BCD6F8E154DA126DD99DBECE8B2CC4B3.d.0EE46603AAFCBC6A196993769600DCEF.e.38")&gt;, &lt;selenium.webdriver.remote.webelement.WebElement (session="273960c5638b8504fcbd581b6b99c1943efddbd1", element="f.BCD6F8E154DA126DD99DBECE8B2CC4B3.d.0EE46603AAFCBC6A196993769600DCEF.e.39")&gt;]</msg>
<arg>${items}</arg>
<doc>Logs the given messages as separate entries using the INFO level.</doc>
<status status="PASS" start="2025-11-24T16:09:07.397378" elapsed="0.000587"/>
</kw>
<kw name="Should Not Be Empty" owner="BuiltIn">
<msg time="2025-11-24T16:09:07.398554" level="INFO">Length is 6.</msg>
<arg>${items}</arg>
<doc>Verifies that the given item is not empty.</doc>
<status status="PASS" start="2025-11-24T16:09:07.398244" elapsed="0.000418"/>
</kw>
<kw name="Close Browser" owner="SeleniumLibrary">
<doc>Closes the current browser.</doc>
<status status="PASS" start="2025-11-24T16:09:07.398988" elapsed="1.023701"/>
</kw>
<doc>Verify that all product elements are visible after login</doc>
<status status="PASS" start="2025-11-24T16:08:57.566512" elapsed="10.857373"/>
</test>
<test id="s1-t3" name="Adding to card" line="46">
<kw name="Open SauceDemo In BrowserStack">
<kw name="Create Dictionary" owner="BuiltIn">
<msg time="2025-11-24T16:09:08.426436" level="INFO">${caps} = {'browserName': 'chrome', 'os': 'OS X', 'osVersion': 'Sonoma', 'buildName': 'Saucedemo Robot HW', 'sessionName': 'Saucedemo_chrome'}</msg>
<var>${caps}</var>
<arg>browserName=${browser}</arg>
<arg>os=${BS_OS}</arg>
<arg>osVersion=${BS_OS_VERSION}</arg>
<arg>buildName=${BS_BUILD_NAME}</arg>
<arg>sessionName=Saucedemo_${browser}</arg>
<doc>Creates and returns a dictionary based on the given ``items``.</doc>
<status status="PASS" start="2025-11-24T16:09:08.425875" elapsed="0.000609"/>
</kw>
<kw name="Open Browser" owner="SeleniumLibrary">
<msg time="2025-11-24T16:09:08.427187" level="WARN">desired_capabilities has been deprecated and removed. Please use options to configure browsers as per documentation.</msg>
<msg time="2025-11-24T16:09:08.427323" level="INFO">Opening browser 'chrome' to base url 'https://www.saucedemo.com/' through remote server at 'https://duisalievasabina_hwWtgm:zn455DpzbeKBfaxqZ3ki@hub-cloud.browserstack.com/wd/hub'.</msg>
<arg>${URL}</arg>
<arg>${browser}</arg>
<arg>remote_url=${REMOTE_URL}</arg>
<arg>desired_capabilities=${caps}</arg>
<doc>Opens a new browser instance to the optional ``url``.</doc>
<status status="PASS" start="2025-11-24T16:09:08.426705" elapsed="7.563270"/>
</kw>
<kw name="Maximize Browser Window" owner="SeleniumLibrary">
<doc>Maximizes current browser window.</doc>
<status status="PASS" start="2025-11-24T16:09:15.990683" elapsed="0.299806"/>
</kw>
<status status="PASS" start="2025-11-24T16:09:08.425366" elapsed="7.865603"/>
</kw>
<kw name="Input Text" owner="SeleniumLibrary">
<msg time="2025-11-24T16:09:16.292572" level="INFO">Typing text 'standard_user' into text field 'id=user-name'.</msg>
<arg>id=user-name</arg>
<arg>${USERNAME}</arg>
<doc>Types the given ``text`` into the text field identified by ``locator``.</doc>
<status status="PASS" start="2025-11-24T16:09:16.291651" elapsed="0.929824"/>
</kw>
<kw name="Input Text" owner="SeleniumLibrary">
<msg time="2025-11-24T16:09:17.226538" level="INFO">Typing text 'secret_sauce' into text field 'id=password'.</msg>
<arg>id=password</arg>
<arg>${PASSWORD}</arg>
<doc>Types the given ``text`` into the text field identified by ``locator``.</doc>
<status status="PASS" start="2025-11-24T16:09:17.224674" elapsed="0.670310"/>
</kw>
<kw name="Click Button" owner="SeleniumLibrary">
<msg time="2025-11-24T16:09:17.896566" level="INFO">Clicking button 'id=login-button'.</msg>
<arg>id=login-button</arg>
<doc>Clicks the button identified by ``locator``.</doc>
<status status="PASS" start="2025-11-24T16:09:17.895839" elapsed="0.955898"/>
</kw>
<kw name="Wait Until Page Contains Element" owner="SeleniumLibrary">
<arg>class=inventory_list</arg>
<arg>10s</arg>
<doc>Waits until the element ``locator`` appears on the current page.</doc>
<status status="PASS" start="2025-11-24T16:09:18.852873" elapsed="0.618876"/>
</kw>
<kw name="Click Button" owner="SeleniumLibrary">
<msg time="2025-11-24T16:09:19.473365" level="INFO">Clicking button 'xpath=//button[@id='add-to-cart-sauce-labs-backpack']'.</msg>
<arg>xpath=//button[@id='add-to-cart-sauce-labs-backpack']</arg>
<doc>Clicks the button identified by ``locator``.</doc>
<status status="PASS" start="2025-11-24T16:09:19.472614" elapsed="1.235181"/>
</kw>
<kw name="Click Element" owner="SeleniumLibrary">
<msg time="2025-11-24T16:09:20.709006" level="INFO">Clicking element 'class=shopping_cart_link'.</msg>
<arg>class=shopping_cart_link</arg>
<doc>Click the element identified by ``locator``.</doc>
<status status="PASS" start="2025-11-24T16:09:20.708551" elapsed="0.606152"/>
</kw>
<kw name="Wait Until Page Contains Element" owner="SeleniumLibrary">
<msg time="2025-11-24T16:09:41.915865" level="INFO" html="true">&lt;/td&gt;&lt;/tr&gt;&lt;tr&gt;&lt;td colspan="3"&gt;&lt;a href="selenium-screenshot-1.png"&gt;&lt;img src="selenium-screenshot-1.png" width="800px"&gt;&lt;/a&gt;</msg>
<msg time="2025-11-24T16:09:41.916199" level="FAIL">Element 'class=cart_item' did not appear in 10 seconds.</msg>
<arg>class=cart_item</arg>
<arg>10s</arg>
<doc>Waits until the element ``locator`` appears on the current page.</doc>
<status status="FAIL" start="2025-11-24T16:09:21.315633" elapsed="20.604219">Element 'class=cart_item' did not appear in 10 seconds.</status>
</kw>
<kw name="Page Should Contain Element" owner="SeleniumLibrary">
<arg>class=inventory_item_name</arg>
<doc>Verifies that element ``locator`` is found on the current page.</doc>
<status status="NOT RUN" start="2025-11-24T16:09:41.920238" elapsed="0.000054"/>
</kw>
<kw name="Close Browser" owner="SeleniumLibrary">
<doc>Closes the current browser.</doc>
<status status="NOT RUN" start="2025-11-24T16:09:41.920453" elapsed="0.000031"/>
</kw>
<doc>Verify that user can add a product to the shopping cart</doc>
<status status="FAIL" start="2025-11-24T16:09:08.424591" elapsed="33.496120">Element 'class=cart_item' did not appear in 10 seconds.</status>
</test>
<test id="s1-t4" name="Completing" line="60">
<kw name="Open SauceDemo In BrowserStack">
<kw name="Create Dictionary" owner="BuiltIn">
<msg time="2025-11-24T16:09:41.922255" level="INFO">${caps} = {'browserName': 'chrome', 'os': 'OS X', 'osVersion': 'Sonoma', 'buildName': 'Saucedemo Robot HW', 'sessionName': 'Saucedemo_chrome'}</msg>
<var>${caps}</var>
<arg>browserName=${browser}</arg>
<arg>os=${BS_OS}</arg>
<arg>osVersion=${BS_OS_VERSION}</arg>
<arg>buildName=${BS_BUILD_NAME}</arg>
<arg>sessionName=Saucedemo_${browser}</arg>
<doc>Creates and returns a dictionary based on the given ``items``.</doc>
<status status="PASS" start="2025-11-24T16:09:41.921810" elapsed="0.000477"/>
</kw>
<kw name="Open Browser" owner="SeleniumLibrary">
<msg time="2025-11-24T16:09:41.922775" level="WARN">desired_capabilities has been deprecated and removed. Please use options to configure browsers as per documentation.</msg>
<msg time="2025-11-24T16:09:41.922879" level="INFO">Opening browser 'chrome' to base url 'https://www.saucedemo.com/' through remote server at 'https://duisalievasabina_hwWtgm:zn455DpzbeKBfaxqZ3ki@hub-cloud.browserstack.com/wd/hub'.</msg>
<arg>${URL}</arg>
<arg>${browser}</arg>
<arg>remote_url=${REMOTE_URL}</arg>
<arg>desired_capabilities=${caps}</arg>
<doc>Opens a new browser instance to the optional ``url``.</doc>
<status status="PASS" start="2025-11-24T16:09:41.922427" elapsed="5.953979"/>
</kw>
<kw name="Maximize Browser Window" owner="SeleniumLibrary">
<doc>Maximizes current browser window.</doc>
<status status="PASS" start="2025-11-24T16:09:47.877169" elapsed="0.850703"/>
</kw>
<status status="PASS" start="2025-11-24T16:09:41.921441" elapsed="6.806959"/>
</kw>
<kw name="Input Text" owner="SeleniumLibrary">
<msg time="2025-11-24T16:09:48.730143" level="INFO">Typing text 'standard_user' into text field 'id=user-name'.</msg>
<arg>id=user-name</arg>
<arg>${USERNAME}</arg>
<doc>Types the given ``text`` into the text field identified by ``locator``.</doc>
<status status="PASS" start="2025-11-24T16:09:48.729096" elapsed="1.362332"/>
</kw>
<kw name="Input Text" owner="SeleniumLibrary">
<msg time="2025-11-24T16:09:50.093279" level="INFO">Typing text 'secret_sauce' into text field 'id=password'.</msg>
<arg>id=password</arg>
<arg>${PASSWORD}</arg>
<doc>Types the given ``text`` into the text field identified by ``locator``.</doc>
<status status="PASS" start="2025-11-24T16:09:50.092679" elapsed="1.329780"/>
</kw>
<kw name="Click Button" owner="SeleniumLibrary">
<msg time="2025-11-24T16:09:51.423994" level="INFO">Clicking button 'id=login-button'.</msg>
<arg>id=login-button</arg>
<doc>Clicks the button identified by ``locator``.</doc>
<status status="PASS" start="2025-11-24T16:09:51.423327" elapsed="0.803120"/>
</kw>
<kw name="Wait Until Page Contains Element" owner="SeleniumLibrary">
<arg>class=inventory_list</arg>
<arg>10s</arg>
<doc>Waits until the element ``locator`` appears on the current page.</doc>
<status status="PASS" start="2025-11-24T16:09:52.227349" elapsed="0.181115"/>
</kw>
<kw name="Click Button" owner="SeleniumLibrary">
<msg time="2025-11-24T16:09:52.410015" level="INFO">Clicking button 'xpath=//button[@id='add-to-cart-sauce-labs-bike-light']'.</msg>
<arg>xpath=//button[@id='add-to-cart-sauce-labs-bike-light']</arg>
<doc>Clicks the button identified by ``locator``.</doc>
<status status="PASS" start="2025-11-24T16:09:52.409536" elapsed="1.366027"/>
</kw>
<kw name="Click Element" owner="SeleniumLibrary">
<msg time="2025-11-24T16:09:53.778825" level="INFO">Clicking element 'class=shopping_cart_link'.</msg>
<arg>class=shopping_cart_link</arg>
<doc>Click the element identified by ``locator``.</doc>
<status status="PASS" start="2025-11-24T16:09:53.778280" elapsed="0.381533"/>
</kw>
<kw name="Wait Until Page Contains Element" owner="SeleniumLibrary">
<msg time="2025-11-24T16:10:14.248527" level="INFO" html="true">&lt;/td&gt;&lt;/tr&gt;&lt;tr&gt;&lt;td colspan="3"&gt;&lt;a href="selenium-screenshot-2.png"&gt;&lt;img src="selenium-screenshot-2.png" width="800px"&gt;&lt;/a&gt;</msg>
<msg time="2025-11-24T16:10:14.248824" level="FAIL">Element 'class=cart_item' did not appear in 10 seconds.</msg>
<arg>class=cart_item</arg>
<arg>10s</arg>
<doc>Waits until the element ``locator`` appears on the current page.</doc>
<status status="FAIL" start="2025-11-24T16:09:54.160664" elapsed="20.088945">Element 'class=cart_item' did not appear in 10 seconds.</status>
</kw>
<kw name="Click Button" owner="SeleniumLibrary">
<arg>id=checkout</arg>
<doc>Clicks the button identified by ``locator``.</doc>
<status status="NOT RUN" start="2025-11-24T16:10:14.250009" elapsed="0.000056"/>
</kw>
<kw name="Wait Until Page Contains Element" owner="SeleniumLibrary">
<arg>id=first-name</arg>
<arg>10s</arg>
<doc>Waits until the element ``locator`` appears on the current page.</doc>
<status status="NOT RUN" start="2025-11-24T16:10:14.250259" elapsed="0.000037"/>
</kw>
<kw name="Input Text" owner="SeleniumLibrary">
<arg>id=first-name</arg>
<arg>Galateya</arg>
<doc>Types the given ``text`` into the text field identified by ``locator``.</doc>
<status status="NOT RUN" start="2025-11-24T16:10:14.250430" elapsed="0.000027"/>
</kw>
<kw name="Input Text" owner="SeleniumLibrary">
<arg>id=last-name</arg>
<arg>Test</arg>
<doc>Types the given ``text`` into the text field identified by ``locator``.</doc>
<status status="NOT RUN" start="2025-11-24T16:10:14.250574" elapsed="0.000024"/>
</kw>
<kw name="Input Text" owner="SeleniumLibrary">
<arg>id=postal-code</arg>
<arg>090003</arg>
<doc>Types the given ``text`` into the text field identified by ``locator``.</doc>
<status status="NOT RUN" start="2025-11-24T16:10:14.250705" elapsed="0.000025"/>
</kw>
<kw name="Click Button" owner="SeleniumLibrary">
<arg>id=continue</arg>
<doc>Clicks the button identified by ``locator``.</doc>
<status status="NOT RUN" start="2025-11-24T16:10:14.250842" elapsed="0.000024"/>
</kw>
<kw name="Wait Until Element Is Visible" owner="SeleniumLibrary">
<arg>id=finish</arg>
<arg>10s</arg>
<doc>Waits until the element ``locator`` is visible.</doc>
<status status="NOT RUN" start="2025-11-24T16:10:14.250972" elapsed="0.000024"/>
</kw>
<kw name="Scroll Element Into View" owner="SeleniumLibrary">
<arg>id=finish</arg>
<doc>Scrolls the element identified by ``locator`` into view.</doc>
<status status="NOT RUN" start="2025-11-24T16:10:14.251106" elapsed="0.000024"/>
</kw>
<kw name="Sleep" owner="BuiltIn">
<arg>1s</arg>
<doc>Pauses the test executed for the given time.</doc>
<status status="NOT RUN" start="2025-11-24T16:10:14.251252" elapsed="0.000026"/>
</kw>
<kw name="Execute Javascript" owner="SeleniumLibrary">
<arg>document.getElementById("finish").click();</arg>
<doc>Executes the given JavaScript code with possible arguments.</doc>
<status status="NOT RUN" start="2025-11-24T16:10:14.251417" elapsed="0.000024"/>
</kw>
<kw name="Sleep" owner="BuiltIn">
<arg>2s</arg>
<doc>Pauses the test executed for the given time.</doc>
<status status="NOT RUN" start="2025-11-24T16:10:14.251548" elapsed="0.000027"/>
</kw>
<kw name="Wait Until Page Contains" owner="SeleniumLibrary">
<arg>Thank you for your order!</arg>
<arg>15s</arg>
<doc>Waits until ``text`` appears on the current page.</doc>
<status status="NOT RUN" start="2025-11-24T16:10:14.251690" elapsed="0.000026"/>
</kw>
<kw name="Page Should Contain" owner="SeleniumLibrary">
<arg>Thank you for your order!</arg>
<doc>Verifies that current page contains ``text``.</doc>
<status status="NOT RUN" start="2025-11-24T16:10:14.251848" elapsed="0.000026"/>
</kw>
<kw name="Close Browser" owner="SeleniumLibrary">
<doc>Closes the current browser.</doc>
<status status="NOT RUN" start="2025-11-24T16:10:14.251982" elapsed="0.000024"/>
</kw>
<doc>Verify that user can complete checkout successfully</doc>
<status status="FAIL" start="2025-11-24T16:09:41.920973" elapsed="32.331266">Element 'class=cart_item' did not appear in 10 seconds.</status>
</test>
<status status="FAIL" start="2025-11-24T16:08:45.973215" elapsed="88.279670"/>
</suite>
<statistics>
<total>
<stat pass="2" fail="2" skip="0">All Tests</stat>
</total>
<tag>
</tag>
<suite>
<stat name="Saucedemo Tests" id="s1" pass="2" fail="2" skip="0">Saucedemo Tests</stat>
</suite>
</statistics>
<errors>
<msg time="2025-11-24T16:08:46.072761" level="WARN">desired_capabilities has been deprecated and removed. Please use options to configure browsers as per documentation.</msg>
<msg time="2025-11-24T16:08:57.568799" level="WARN">desired_capabilities has been deprecated and removed. Please use options to configure browsers as per documentation.</msg>
<msg time="2025-11-24T16:09:08.427187" level="WARN">desired_capabilities has been deprecated and removed. Please use options to configure browsers as per documentation.</msg>
<msg time="2025-11-24T16:09:41.922775" level="WARN">desired_capabilities has been deprecated and removed. Please use options to configure browsers as per documentation.</msg>
</errors>
</robot>
